Arguments: 
  /Users/paulhendrickson/.nvm/versions/node/v14.0.0/bin/node /usr/local/Cellar/yarn/1.22.10/libexec/bin/yarn.js init -y

PATH: 
  /Users/paulhendrickson/.nvm/versions/node/v14.0.0/bin:/usr/local/bin:/usr/bin:/bin:/usr/sbin:/sbin:/Users/paulhendrickson/.sdkman/candidates/gradle/current/bin

Yarn version: 
  1.22.10

Node version: 
  14.0.0

Platform: 
  darwin x64

Trace: 
  SyntaxError: /Users/paulhendrickson/projects/graphql-poc/apollo-federation/package.json: Unexpected end of JSON input
      at JSON.parse (<anonymous>)
      at /usr/local/Cellar/yarn/1.22.10/libexec/lib/cli.js:1625:59
      at Generator.next (<anonymous>)
      at step (/usr/local/Cellar/yarn/1.22.10/libexec/lib/cli.js:310:30)
      at /usr/local/Cellar/yarn/1.22.10/libexec/lib/cli.js:321:13

npm manifest: 
  

yarn manifest: 
  No manifest

Lockfile: 
  No lockfile
